Mplus VERSION 8.11 (Mac)
MUTHEN & MUTHEN
07/04/2025   2:25 PM

INPUT INSTRUCTIONS

  TITLE: fiml linear regression;
  DATA:
  file = behaviorachievement.dat;
  VARIABLE:
  names = id male hispanic riskgrp atrisk behsymp1 lrnprob1
     read1 read2 read3 read9 readgrp9 stanread7
     math1 math2 math3 math9 mathgrp9 stanmath7;
  usevariables = read9 read1 lrnprob1 behsymp1;
  auxiliary = (m) read2 stanread7;
  missing = all(999);
  ANALYSIS:
  ! set estimator to maximum likelihood;
  estimator = ml;
  MODEL:
  ! normal distribution for predictors;
  read1 lrnprob1 behsymp1;
  ! focal regression model;
  read9 on read1 lrnprob1 behsymp1 (beta1-beta3);
  MODEL TEST:
  ! wald test that each slope equals 0;
  0 = beta1; 0 = beta2; 0 = beta3;
  OUTPUT:
  ! output for missing data patterns, sample statistics, standardized coefficients, and conf
  patterns sampstat stdyx cinterval;




*** WARNING
  Input line exceeded 90 characters. Some input may be truncated.
  ! output for missing data patterns, sample statistics, standardized coefficients, and confi
   1 WARNING(S) FOUND IN THE INPUT INSTRUCTIONS



fiml linear regression;

SUMMARY OF ANALYSIS

Number of groups                                                 1
Number of observations                                         138

Number of dependent variables                                    1
Number of independent variables                                  3
Number of continuous latent variables                            0

Observed dependent variables

  Continuous
   READ9

Observed independent variables
   READ1       LRNPROB1    BEHSYMP1

Observed auxiliary variables
   READ2       STANREAD7


Estimator                                                       ML
Information matrix                                        OBSERVED
Maximum number of iterations                                  1000
Convergence criterion                                    0.500D-04
Maximum number of steepest descent iterations                   20
Maximum number of iterations for H1                           2000
Convergence criterion for H1                             0.100D-03

Input data file(s)
  behaviorachievement.dat

Input data format  FREE


SUMMARY OF DATA

     Number of missing data patterns             7


SUMMARY OF MISSING DATA PATTERNS


     MISSING DATA PATTERNS (x = not missing)

           1  2  3  4  5  6  7
 READ9     x  x  x  x
 READ1     x  x  x     x  x
 LRNPROB1  x  x     x  x  x  x
 BEHSYMP1  x     x  x  x     x


     MISSING DATA PATTERN FREQUENCIES

    Pattern   Frequency     Pattern   Frequency     Pattern   Frequency
          1          99           4           8           7           1
          2           4           5          22
          3           3           6           1


COVARIANCE COVERAGE OF DATA

Minimum covariance coverage value   0.100


     PROPORTION OF DATA PRESENT


           Covariance Coverage
              READ9         READ1         LRNPROB1      BEHSYMP1
              ________      ________      ________      ________
 READ9          0.826
 READ1          0.768         0.935
 LRNPROB1       0.804         0.913         0.978
 BEHSYMP1       0.797         0.899         0.942         0.964


SAMPLE STATISTICS


     ESTIMATED SAMPLE STATISTICS


           Means
              READ9         READ1         LRNPROB1      BEHSYMP1
              ________      ________      ________      ________
               87.592        86.156        52.299        49.483


           Covariances
              READ9         READ1         LRNPROB1      BEHSYMP1
              ________      ________      ________      ________
 READ9        218.194
 READ1        215.888       417.302
 LRNPROB1     -50.812       -11.635       114.675
 BEHSYMP1     -56.071       -14.103        91.579       145.475


           Correlations
              READ9         READ1         LRNPROB1      BEHSYMP1
              ________      ________      ________      ________
 READ9          1.000
 READ1          0.715         1.000
 LRNPROB1      -0.321        -0.053         1.000
 BEHSYMP1      -0.315        -0.057         0.709         1.000


     MAXIMUM LOG-LIKELIHOOD VALUE FOR THE UNRESTRICTED (H1) MODEL IS -2982.669


UNIVARIATE SAMPLE STATISTICS


     UNIVARIATE HIGHER-ORDER MOMENT DESCRIPTIVE STATISTICS

         Variable/         Mean/     Skewness/   Minimum/ % with                Percentiles
        Sample Size      Variance    Kurtosis    Maximum  Min/Max      20%/60%    40%/80%    Median

     READ9                88.553      -0.470      41.000    0.88%      79.000     86.000     89.000
             114.000     213.388       1.006     123.000    1.75%      91.000    101.000
     READ1                86.806       0.185      39.000    0.78%      71.000     83.000     86.000
             129.000     384.776       0.403     153.000    0.78%      90.000    102.000
     LRNPROB1             52.356       0.378      31.000    0.74%      43.000     49.000     51.000
             135.000     114.777       0.003      88.000    0.74%      55.000     61.000
     BEHSYMP1             49.466       0.273      17.000    0.75%      39.000     45.000     48.000
             133.000     148.324       0.401      92.000    0.75%      52.000     61.000
     READ2                93.736      -0.245      20.000    0.80%      80.000     88.000     92.000
             125.000     439.506       0.744     150.000    0.80%      98.000    110.000
     STANREAD7           264.477      -0.542     100.000    4.50%     217.000    250.000    263.000
             111.000    4405.925       0.180     399.000    0.90%     284.000    326.000


THE MODEL ESTIMATION TERMINATED NORMALLY



MODEL FIT INFORMATION

Number of Free Parameters                       14

Loglikelihood Including the Auxiliary Part

          H0 Value                       -2982.669
          H1 Value                       -2982.669

Information Criteria Including the Auxiliary Part

          Number of Free Parameters             27
          Akaike (AIC)                    6019.337
          Bayesian (BIC)                  6098.373
          Sample-Size Adjusted BIC        6012.954
            (n* = (n + 2) / 24)

Chi-Square Test of Model Fit

          Value                              0.000
          Degrees of Freedom                     0
          P-Value                           0.0000

RMSEA (Root Mean Square Error Of Approximation)

          Estimate                           0.000
          90 Percent C.I.                    0.000  0.000
          Probability RMSEA <= .05           0.000

CFI/TLI

          CFI                                1.000
          TLI                                1.000

Chi-Square Test of Model Fit for the Baseline Model

          Value                            206.692
          Degrees of Freedom                     6
          P-Value                           0.0000

SRMR (Standardized Root Mean Square Residual)

          Value                              0.000

Wald Test of Parameter Constraints

          Value                            179.111
          Degrees of Freedom                     3
          P-Value                           0.0000



MODEL RESULTS

                                                    Two-Tailed
                    Estimate       S.E.  Est./S.E.    P-Value

 READ9    ON
    READ1              0.504      0.042     12.002      0.000
    LRNPROB1          -0.248      0.116     -2.143      0.032
    BEHSYMP1          -0.181      0.101     -1.790      0.074

 LRNPROB1 WITH
    READ1            -11.631     19.127     -0.608      0.543

 BEHSYMP1 WITH
    READ1            -14.100     21.253     -0.663      0.507
    LRNPROB1          91.579     13.512      6.777      0.000

 Means
    READ1             86.157      1.752     49.190      0.000
    LRNPROB1          52.299      0.916     57.095      0.000
    BEHSYMP1          49.483      1.034     47.852      0.000

 Intercepts
    READ9             66.031      5.848     11.291      0.000

 Variances
    READ1            417.295     51.747      8.064      0.000
    LRNPROB1         114.675     13.906      8.247      0.000
    BEHSYMP1         145.475     17.585      8.273      0.000

 Residual Variances
    READ9             86.607     11.580      7.479      0.000


QUALITY OF NUMERICAL RESULTS

     Condition Number for the Information Matrix              0.809E-06
       (ratio of smallest to largest eigenvalue)


STANDARDIZED MODEL RESULTS


STDYX Standardization

                                                    Two-Tailed
                    Estimate       S.E.  Est./S.E.    P-Value

 READ9    ON
    READ1              0.697      0.045     15.431      0.000
    LRNPROB1          -0.180      0.084     -2.137      0.033
    BEHSYMP1          -0.147      0.082     -1.788      0.074

 LRNPROB1 WITH
    READ1             -0.053      0.087     -0.611      0.541

 BEHSYMP1 WITH
    READ1             -0.057      0.086     -0.667      0.505
    LRNPROB1           0.709      0.043     16.519      0.000

 Means
    READ1              4.218      0.276     15.272      0.000
    LRNPROB1           4.884      0.309     15.831      0.000
    BEHSYMP1           4.103      0.262     15.641      0.000

 Intercepts
    READ9              4.470      0.529      8.457      0.000

 Variances
    READ1              1.000      0.000    999.000    999.000
    LRNPROB1           1.000      0.000    999.000    999.000
    BEHSYMP1           1.000      0.000    999.000    999.000

 Residual Variances
    READ9              0.397      0.056      7.056      0.000


R-SQUARE

    Observed                                        Two-Tailed
    Variable        Estimate       S.E.  Est./S.E.    P-Value

    READ9              0.603      0.056     10.721      0.000


CONFIDENCE INTERVALS OF MODEL RESULTS

                  Lower .5%  Lower 2.5%    Lower 5%    Estimate    Upper 5%  Upper 2.5%   Upper .5%

 READ9    ON
    READ1            0.396       0.422       0.435       0.504       0.573       0.587       0.613
    LRNPROB1        -0.545      -0.474      -0.438      -0.248      -0.058      -0.021       0.050
    BEHSYMP1        -0.440      -0.378      -0.347      -0.181      -0.015       0.017       0.079

 LRNPROB1 WITH
    READ1          -60.899     -49.121     -43.095     -11.631      19.834      25.859      37.637

 BEHSYMP1 WITH
    READ1          -68.845     -55.757     -49.062     -14.100      20.861      27.556      40.644
    LRNPROB1        56.774      65.095      69.351      91.579     113.807     118.063     126.384

 Means
    READ1           81.645      82.724      83.275      86.157      89.038      89.589      90.668
    LRNPROB1        49.940      50.504      50.793      52.299      53.806      54.095      54.659
    BEHSYMP1        46.819      47.456      47.782      49.483      51.184      51.510      52.146

 Intercepts
    READ9           50.967      54.568      56.411      66.031      75.652      77.494      81.095

 Variances
    READ1          284.006     315.871     332.171     417.295     502.418     518.718     550.584
    LRNPROB1        78.856      87.419      91.800     114.675     137.550     141.930     150.494
    BEHSYMP1       100.179     111.008     116.547     145.475     174.403     179.942     190.771

 Residual Variances
    READ9           56.778      63.909      67.557      86.607     105.656     109.304     116.435


CONFIDENCE INTERVALS OF STANDARDIZED MODEL RESULTS


STDYX Standardization

                  Lower .5%  Lower 2.5%    Lower 5%    Estimate    Upper 5%  Upper 2.5%   Upper .5%

 READ9    ON
    READ1            0.581       0.609       0.623       0.697       0.772       0.786       0.814
    LRNPROB1        -0.396      -0.344      -0.318      -0.180      -0.041      -0.015       0.037
    BEHSYMP1        -0.360      -0.309      -0.283      -0.147      -0.012       0.014       0.065

 LRNPROB1 WITH
    READ1           -0.277      -0.224      -0.196      -0.053       0.090       0.117       0.171

 BEHSYMP1 WITH
    READ1           -0.278      -0.225      -0.198      -0.057       0.084       0.111       0.164
    LRNPROB1         0.598       0.625       0.638       0.709       0.780       0.793       0.820

 Means
    READ1            3.506       3.676       3.763       4.218       4.672       4.759       4.929
    LRNPROB1         4.089       4.279       4.376       4.884       5.391       5.489       5.678
    BEHSYMP1         3.427       3.589       3.671       4.103       4.534       4.617       4.778

 Intercepts
    READ9            3.109       3.434       3.601       4.470       5.340       5.506       5.832

 Variances
    READ1            1.000       1.000       1.000       1.000       1.000       1.000       1.000
    LRNPROB1         1.000       1.000       1.000       1.000       1.000       1.000       1.000
    BEHSYMP1         1.000       1.000       1.000       1.000       1.000       1.000       1.000

 Residual Variances
    READ9            0.252       0.287       0.304       0.397       0.489       0.507       0.542


     Beginning Time:  14:25:04
        Ending Time:  14:25:04
       Elapsed Time:  00:00:00



MUTHEN & MUTHEN
3463 Stoner Ave.
Los Angeles, CA  90066

Tel: (310) 391-9971
Fax: (310) 391-8971
Web: www.StatModel.com
Support: Support@StatModel.com

Copyright (c) 1998-2024 Muthen & Muthen
