Mplus VERSION 8.11 (Mac)
MUTHEN & MUTHEN
07/08/2025   4:28 PM

INPUT INSTRUCTIONS

  TITLE: fiml logistic regression;
  DATA:
  file = behaviorachievement.dat;
  VARIABLE:
  names = id male hispanic riskgrp atrisk behsymp1 lrnprob1
     read1 read2 read3 read9 readgrp9 stanread7
     math1 math2 math3 math9 mathgrp9 stanmath7;
  usevariables = readgrp9 read1 lrnprob1 behsymp1;
  categorical = readgrp9;
  missing = all(999);
  ANALYSIS:
  ! set estimator to maximum likelihood;
  estimator = ml;
  ! set link function as logit;
  link = logit;
  ! set integration method to montecarlo;
  integration = montecarlo;
  MODEL:
  ! normal distribution for predictors;
  read1 lrnprob1 behsymp1;
  ! focal logistic model;
  readgrp9 on read1 lrnprob1 behsymp1 (beta1-beta3);
  MODEL TEST:
  ! wald test that each slope equals 0;
  0 = beta1; 0 = beta2; 0 = beta3;
  OUTPUT:
  ! output for missing data patterns, sample statistics, standardized coefficients, and conf
  patterns sampstat stdyx cinterval;





*** WARNING
  Input line exceeded 90 characters. Some input may be truncated.
  ! output for missing data patterns, sample statistics, standardized coefficients, and confi
   1 WARNING(S) FOUND IN THE INPUT INSTRUCTIONS



fiml logistic regression;

SUMMARY OF ANALYSIS

Number of groups                                                 1
Number of observations                                         138

Number of dependent variables                                    1
Number of independent variables                                  3
Number of continuous latent variables                            0

Observed dependent variables

  Binary and ordered categorical (ordinal)
   READGRP9

Observed independent variables
   READ1       LRNPROB1    BEHSYMP1


Estimator                                                       ML
Information matrix                                        OBSERVED
Optimization Specifications for the Quasi-Newton Algorithm for
Continuous Outcomes
  Maximum number of iterations                                 100
  Convergence criterion                                  0.100D-05
Optimization Specifications for the EM Algorithm
  Maximum number of iterations                                 500
  Convergence criteria
    Loglikelihood change                                 0.100D-02
    Relative loglikelihood change                        0.100D-05
    Derivative                                           0.100D-02
Optimization Specifications for the M step of the EM Algorithm for
Categorical Latent variables
  Number of M step iterations                                    1
  M step convergence criterion                           0.100D-02
  Basis for M step termination                           ITERATION
Optimization Specifications for the M step of the EM Algorithm for
Censored, Binary or Ordered Categorical (Ordinal), Unordered
Categorical (Nominal) and Count Outcomes
  Number of M step iterations                                    1
  M step convergence criterion                           0.100D-02
  Basis for M step termination                           ITERATION
  Maximum value for logit thresholds                            15
  Minimum value for logit thresholds                           -15
  Minimum expected cell size for chi-square              0.100D-01
Maximum number of iterations for H1                           2000
Convergence criterion for H1                             0.100D-03
Optimization algorithm                                         EMA
Integration Specifications
  Type                                                  MONTECARLO
  Number of integration points                                 750
  Dimensions of numerical integration                            3
  Adaptive quadrature                                           ON
  Monte Carlo integration seed                                   0
Link                                                         LOGIT
Cholesky                                                       OFF

Input data file(s)
  behaviorachievement.dat
Input data format  FREE


SUMMARY OF DATA

     Number of missing data patterns             7
     Number of y missing data patterns           4
     Number of u missing data patterns           2


SUMMARY OF MISSING DATA PATTERNS


     MISSING DATA PATTERNS (x = not missing)

           1  2  3  4  5  6  7
 READGRP9     x     x     x  x
 READ1     x  x  x  x        x
 LRNPROB1  x  x  x  x  x  x
 BEHSYMP1  x  x        x  x  x


     MISSING DATA PATTERN FREQUENCIES

    Pattern   Frequency     Pattern   Frequency     Pattern   Frequency
          1          22           4           4           7           3
          2          99           5           1
          3           1           6           8


     MISSING DATA PATTERNS FOR U (x = not missing)

           1  2
 READGRP9     x


     MISSING DATA PATTERN FREQUENCIES FOR U

    Pattern   Frequency     Pattern   Frequency
          1          24           2         114


     MISSING DATA PATTERNS FOR Y (x = not missing)

           1  2  3  4
 READ1     x  x     x
 LRNPROB1  x  x  x
 BEHSYMP1  x     x  x


     MISSING DATA PATTERN FREQUENCIES FOR Y

    Pattern   Frequency     Pattern   Frequency     Pattern   Frequency
          1         121           3           9
          2           5           4           3


COVARIANCE COVERAGE OF DATA

Minimum covariance coverage value   0.100


     PROPORTION OF DATA PRESENT


           Covariance Coverage
              READGRP9      READ1         LRNPROB1      BEHSYMP1
              ________      ________      ________      ________
 READGRP9       0.826
 READ1          0.768         0.935
 LRNPROB1       0.804         0.913         0.978
 BEHSYMP1       0.797         0.899         0.942         0.964


     PROPORTION OF DATA PRESENT FOR U


           Covariance Coverage
              READGRP9
              ________
 READGRP9       0.826


     PROPORTION OF DATA PRESENT FOR Y


           Covariance Coverage
              READ1         LRNPROB1      BEHSYMP1
              ________      ________      ________
 READ1          0.935
 LRNPROB1       0.913         0.978
 BEHSYMP1       0.899         0.942         0.964


UNIVARIATE PROPORTIONS AND COUNTS FOR CATEGORICAL VARIABLES

    READGRP9
      Category 1    0.518           59.000
      Category 2    0.482           55.000


SAMPLE STATISTICS


     ESTIMATED SAMPLE STATISTICS


           Means
              READ1         LRNPROB1      BEHSYMP1
              ________      ________      ________
               86.852        52.328        49.480


           Covariances
              READ1         LRNPROB1      BEHSYMP1
              ________      ________      ________
 READ1        384.911
 LRNPROB1       4.781       113.864
 BEHSYMP1      -5.136        91.965       146.541


           Correlations
              READ1         LRNPROB1      BEHSYMP1
              ________      ________      ________
 READ1          1.000
 LRNPROB1       0.023         1.000
 BEHSYMP1      -0.022         0.712         1.000


     MAXIMUM LOG-LIKELIHOOD VALUE FOR THE UNRESTRICTED (H1) MODEL IS -1552.393


UNIVARIATE SAMPLE STATISTICS


     UNIVARIATE HIGHER-ORDER MOMENT DESCRIPTIVE STATISTICS

         Variable/         Mean/     Skewness/   Minimum/ % with                Percentiles
        Sample Size      Variance    Kurtosis    Maximum  Min/Max      20%/60%    40%/80%    Median

     READ1                86.806       0.185      39.000    0.78%      71.000     83.000     86.000
             129.000     384.776       0.403     153.000    0.78%      90.000    102.000
     LRNPROB1             52.356       0.378      31.000    0.74%      43.000     49.000     51.000
             135.000     114.777       0.003      88.000    0.74%      55.000     61.000
     BEHSYMP1             49.466       0.273      17.000    0.75%      39.000     45.000     48.000
             133.000     148.324       0.401      92.000    0.75%      52.000     61.000


THE MODEL ESTIMATION TERMINATED NORMALLY



MODEL FIT INFORMATION

Number of Free Parameters                       13

Loglikelihood

          H0 Value                       -1614.328

Information Criteria

          Akaike (AIC)                    3254.656
          Bayesian (BIC)                  3292.710
          Sample-Size Adjusted BIC        3251.582
            (n* = (n + 2) / 24)

Wald Test of Parameter Constraints

          Value                             21.889
          Degrees of Freedom                     3
          P-Value                           0.0001



MODEL RESULTS

                                                    Two-Tailed
                    Estimate       S.E.  Est./S.E.    P-Value

 READGRP9   ON
    READ1              0.069      0.016      4.446      0.000
    LRNPROB1          -0.018      0.033     -0.549      0.583
    BEHSYMP1          -0.028      0.028     -1.014      0.311

 LRNPROB1 WITH
    READ1              3.085     19.553      0.158      0.875

 BEHSYMP1 WITH
    READ1             -5.194     21.046     -0.247      0.805
    LRNPROB1          92.088     13.554      6.794      0.000

 Means
    READ1             86.974      1.719     50.598      0.000
    LRNPROB1          52.319      0.914     57.267      0.000
    BEHSYMP1          49.488      1.041     47.544      0.000

 Thresholds
    READGRP9$1         3.874      1.729      2.240      0.025

 Variances
    READ1            384.526     47.859      8.035      0.000
    LRNPROB1         113.906     13.775      8.269      0.000
    BEHSYMP1         146.740     17.818      8.235      0.000


QUALITY OF NUMERICAL RESULTS

     Condition Number for the Information Matrix              0.135E-07
       (ratio of smallest to largest eigenvalue)


LOGISTIC REGRESSION ODDS RATIO RESULTS

                                                95% C.I.
                    Estimate       S.E.  Lower 2.5% Upper 2.5%

 READGRP9   ON
    READ1              1.072      0.017      1.040      1.105
    LRNPROB1           0.982      0.032      0.921      1.047
    BEHSYMP1           0.972      0.027      0.921      1.027


STANDARDIZED MODEL RESULTS


STDYX Standardization

                                                    Two-Tailed
                    Estimate       S.E.  Est./S.E.    P-Value

 READGRP9   ON
    READ1              0.585      0.089      6.569      0.000
    LRNPROB1          -0.083      0.150     -0.550      0.583
    BEHSYMP1          -0.146      0.142     -1.028      0.304

 LRNPROB1 WITH
    READ1              0.015      0.093      0.158      0.875

 BEHSYMP1 WITH
    READ1             -0.022      0.089     -0.247      0.805
    LRNPROB1           0.712      0.042     16.788      0.000

 Means
    READ1              4.435      0.289     15.334      0.000
    LRNPROB1           4.902      0.309     15.878      0.000
    BEHSYMP1           4.085      0.262     15.568      0.000

 Thresholds
    READGRP9$1         1.668      0.684      2.438      0.015

 Variances
    READ1              1.000      0.000    999.000    999.000
    LRNPROB1           1.000      0.000    999.000    999.000
    BEHSYMP1           1.000      0.000    999.000    999.000


R-SQUARE

    Observed                                        Two-Tailed
    Variable        Estimate       S.E.  Est./S.E.    P-Value

    READGRP9           0.390      0.106      3.680      0.000


CONFIDENCE INTERVALS OF MODEL RESULTS

                  Lower .5%  Lower 2.5%    Lower 5%    Estimate    Upper 5%  Upper 2.5%   Upper .5%

 READGRP9 ON
    READ1            0.029       0.039       0.044       0.069       0.095       0.100       0.109
    LRNPROB1        -0.102      -0.082      -0.072      -0.018       0.036       0.046       0.066
    BEHSYMP1        -0.099      -0.082      -0.074      -0.028       0.017       0.026       0.043

 LRNPROB1 WITH
    READ1          -47.280     -35.240     -29.080       3.085      35.250      41.409      53.450

 BEHSYMP1 WITH
    READ1          -59.405     -46.445     -39.815      -5.194      29.427      36.057      49.017
    LRNPROB1        57.177      65.523      69.792      92.088     114.384     118.653     126.999

 Means
    READ1           82.546      83.605      84.146      86.974      89.802      90.343      91.402
    LRNPROB1        49.966      50.529      50.817      52.319      53.822      54.110      54.673
    BEHSYMP1        46.807      47.448      47.776      49.488      51.201      51.528      52.169

 Thresholds
    READGRP9$1      -0.581       0.484       1.029       3.874       6.718       7.263       8.328

 Variances
    READ1          261.252     290.723     305.799     384.526     463.254     478.329     507.800
    LRNPROB1        78.423      86.906      91.245     113.906     136.566     140.905     149.388
    BEHSYMP1       100.844     111.817     117.429     146.740     176.051     181.664     192.636


CONFIDENCE INTERVALS FOR THE LOGISTIC REGRESSION ODDS RATIO RESULTS

 READGRP9 ON
    READ1            1.030       1.040       1.045       1.072       1.100       1.105       1.116
    LRNPROB1         0.903       0.921       0.931       0.982       1.037       1.047       1.069
    BEHSYMP1         0.906       0.921       0.929       0.972       1.018       1.027       1.044


CONFIDENCE INTERVALS OF STANDARDIZED MODEL RESULTS


STDYX Standardization

                  Lower .5%  Lower 2.5%    Lower 5%    Estimate    Upper 5%  Upper 2.5%   Upper .5%

 READGRP9 ON
    READ1            0.356       0.411       0.439       0.585       0.732       0.760       0.815
    LRNPROB1        -0.470      -0.377      -0.330      -0.083       0.165       0.212       0.305
    BEHSYMP1        -0.512      -0.425      -0.380      -0.146       0.088       0.132       0.220

 LRNPROB1 WITH
    READ1           -0.226      -0.168      -0.139       0.015       0.168       0.198       0.255

 BEHSYMP1 WITH
    READ1           -0.250      -0.195      -0.168      -0.022       0.124       0.152       0.206
    LRNPROB1         0.603       0.629       0.642       0.712       0.782       0.795       0.822

 Means
    READ1            3.690       3.868       3.960       4.435       4.911       5.002       5.180
    LRNPROB1         4.107       4.297       4.394       4.902       5.410       5.507       5.697
    BEHSYMP1         3.409       3.571       3.654       4.085       4.517       4.600       4.761

 Thresholds
    READGRP9$1      -0.094       0.327       0.543       1.668       2.793       3.008       3.429

 Variances
    READ1            1.000       1.000       1.000       1.000       1.000       1.000       1.000
    LRNPROB1         1.000       1.000       1.000       1.000       1.000       1.000       1.000
    BEHSYMP1         1.000       1.000       1.000       1.000       1.000       1.000       1.000


     Beginning Time:  16:28:38
        Ending Time:  16:28:39
       Elapsed Time:  00:00:01



MUTHEN & MUTHEN
3463 Stoner Ave.
Los Angeles, CA  90066

Tel: (310) 391-9971
Fax: (310) 391-8971
Web: www.StatModel.com
Support: Support@StatModel.com

Copyright (c) 1998-2024 Muthen & Muthen
