Mplus VERSION 8.8 (Mac)
MUTHEN & MUTHEN
08/30/2023   9:25 AM

INPUT INSTRUCTIONS

  TITLE: Bayes Regression With a Categorical Outcome;
  DATA:
  file = ./imps/implist.dat;
  ! read in imputation data;
  type = imputation;
  VARIABLE:
  names = id male hispanic riskgrp atrisk behsymp1 lrnprob1
     read1 read2 read3 read9 read9grp stanread7
     math1 math2 math3 math9 math9grp stanmath7;
  usevariables = read9grp read1 behsymp1 lrnprob1;
  categorical = read9grp;
  ANALYSIS:
  ! set estimator to maximum likelihood;
  estimator = ml;
  ! set link function as logit;
  link = logit;
  MODEL:
  ! focal model;
  read9grp on read1 lrnprob1 behsymp1 (beta1-beta3);
  MODEL TEST:
  ! wald test that each slope equals 0;
  0 = beta1; 0 = beta2; 0 = beta3;
  OUTPUT:
  ! output for standardized coefficients and confidence intervals;
  stdyx cinterval;



INPUT READING TERMINATED NORMALLY



Bayes Regression With a Categorical Outcome;

SUMMARY OF ANALYSIS

Number of groups                                                 1
Average number of observations                                 138

Number of replications
    Requested                                                   20
    Completed                                                   20

Number of dependent variables                                    1
Number of independent variables                                  3
Number of continuous latent variables                            0

Observed dependent variables

  Binary and ordered categorical (ordinal)
   READ9GRP

Observed independent variables
   READ1       BEHSYMP1    LRNPROB1


Estimator                                                       ML
Information matrix                                        OBSERVED
Optimization Specifications for the Quasi-Newton Algorithm for
Continuous Outcomes
  Maximum number of iterations                                 100
  Convergence criterion                                  0.100D-05
Optimization Specifications for the EM Algorithm
  Maximum number of iterations                                 500
  Convergence criteria
    Loglikelihood change                                 0.100D-02
    Relative loglikelihood change                        0.100D-05
    Derivative                                           0.100D-02
Optimization Specifications for the M step of the EM Algorithm for
Categorical Latent variables
  Number of M step iterations                                    1
  M step convergence criterion                           0.100D-02
  Basis for M step termination                           ITERATION
Optimization Specifications for the M step of the EM Algorithm for
Censored, Binary or Ordered Categorical (Ordinal), Unordered
Categorical (Nominal) and Count Outcomes
  Number of M step iterations                                    1
  M step convergence criterion                           0.100D-02
  Basis for M step termination                           ITERATION
  Maximum value for logit thresholds                            15
  Minimum value for logit thresholds                           -15
  Minimum expected cell size for chi-square              0.100D-01
Optimization algorithm                                         EMA
Integration Specifications
  Type                                                    STANDARD
  Number of integration points                                  15
  Dimensions of numerical integration                            0
  Adaptive quadrature                                           ON
Link                                                         LOGIT
Cholesky                                                       OFF

Input data file(s)
  Multiple data files from
    ./imps/implist.dat
Input data format  FREE


UNIVARIATE PROPORTIONS FOR CATEGORICAL VARIABLES

NOTE:  These are average results over 20 data sets.

    READ9GRP
      Category 1    0.545
      Category 2    0.455


SAMPLE STATISTICS

NOTE:  These are average results over 20 data sets.


     SAMPLE STATISTICS


           Means
              READ1         BEHSYMP1      LRNPROB1
              ________      ________      ________
               86.024        49.508        52.283


           Covariances
              READ1         BEHSYMP1      LRNPROB1
              ________      ________      ________
 READ1        422.695
 BEHSYMP1     -16.465       145.311
 LRNPROB1     -12.939        92.074       114.988


           Correlations
              READ1         BEHSYMP1      LRNPROB1
              ________      ________      ________
 READ1          1.000
 BEHSYMP1      -0.066         1.000
 LRNPROB1      -0.059         0.712         1.000




MODEL FIT INFORMATION

Number of Free Parameters                        4

Loglikelihood

    H0 Value

        Mean                               -73.523
        Std Dev                              1.819
        Number of successful computations       20

             Proportions                   Percentiles
        Expected    Observed         Expected       Observed
           0.990       1.000          -77.754        -77.676
           0.980       0.950          -77.258        -77.676
           0.950       0.900          -76.514        -77.676
           0.900       0.900          -75.854        -77.676
           0.800       0.800          -75.053        -75.142
           0.700       0.650          -74.477        -74.836
           0.500       0.550          -73.523        -73.196
           0.300       0.300          -72.569        -72.654
           0.200       0.300          -71.992        -71.688
           0.100       0.050          -71.192        -71.402
           0.050       0.000          -70.531        -71.230
           0.020       0.000          -69.788        -71.230
           0.010       0.000          -69.292        -71.230

Information Criteria

    Akaike (AIC)

        Mean                               155.046
        Std Dev                              3.637
        Number of successful computations       20

             Proportions                   Percentiles
        Expected    Observed         Expected       Observed
           0.990       1.000          146.584        150.118
           0.980       1.000          147.576        150.118
           0.950       1.000          149.063        150.118
           0.900       0.950          150.384        150.118
           0.800       0.700          151.985        150.805
           0.700       0.700          153.138        151.731
           0.500       0.450          155.046        154.351
           0.300       0.350          156.953        157.468
           0.200       0.200          158.107        158.075
           0.100       0.100          159.707        158.284
           0.050       0.100          161.029        161.647
           0.020       0.050          162.516        161.647
           0.010       0.000          163.507        161.647

    Bayesian (BIC)

        Mean                               166.755
        Std Dev                              3.637
        Number of successful computations       20

             Proportions                   Percentiles
        Expected    Observed         Expected       Observed
           0.990       1.000          158.293        161.827
           0.980       1.000          159.285        161.827
           0.950       1.000          160.772        161.827
           0.900       0.950          162.093        161.827
           0.800       0.700          163.694        162.514
           0.700       0.700          164.847        163.440
           0.500       0.450          166.755        166.060
           0.300       0.350          168.662        169.178
           0.200       0.200          169.816        169.784
           0.100       0.100          171.416        169.993
           0.050       0.100          172.738        173.356
           0.020       0.050          174.225        173.356
           0.010       0.000          175.216        173.356

    Sample-Size Adjusted BIC (n* = (n + 2) / 24)

        Mean                               154.100
        Std Dev                              3.637
        Number of successful computations       20

             Proportions                   Percentiles
        Expected    Observed         Expected       Observed
           0.990       1.000          145.639        149.172
           0.980       1.000          146.630        149.172
           0.950       1.000          148.117        149.172
           0.900       0.950          149.438        149.172
           0.800       0.700          151.039        149.859
           0.700       0.700          152.193        150.786
           0.500       0.450          154.100        153.406
           0.300       0.350          156.007        156.523
           0.200       0.200          157.161        157.130
           0.100       0.100          158.762        157.339
           0.050       0.100          160.083        160.702
           0.020       0.050          161.570        160.702
           0.010       0.000          162.562        160.702

Wald Test of Parameter Constraints

          Value                             23.342
          Degrees of Freedom                     3
          P-Value                           0.0000



MODEL RESULTS

                                                    Two-Tailed   Rate of
                    Estimate       S.E.  Est./S.E.    P-Value    Missing

 READ9GRP   ON
    READ1              0.068      0.015      4.463      0.000      0.173
    LRNPROB1          -0.029      0.030     -0.971      0.331      0.188
    BEHSYMP1          -0.019      0.025     -0.762      0.446      0.121

 Thresholds
    READ9GRP$1         3.602      1.672      2.154      0.031      0.231


QUALITY OF NUMERICAL RESULTS

     Average Condition Number for the Information Matrix      0.139E-05
       (ratio of smallest to largest eigenvalue)


STANDARDIZED MODEL RESULTS


STDYX Standardization

                                                    Two-Tailed   Rate of
                    Estimate       S.E.  Est./S.E.    P-Value    Missing

 READ9GRP   ON
    READ1              0.586      0.087      6.749      0.000      0.156
    LRNPROB1          -0.134      0.136     -0.984      0.325      0.189
    BEHSYMP1          -0.097      0.127     -0.766      0.444      0.124

 Thresholds
    READ9GRP$1         1.520      0.654      2.324      0.020      0.237


R-SQUARE

    Observed                                        Two-Tailed   Rate of
    Variable        Estimate       S.E.  Est./S.E.    P-Value    Missing

    READ9GRP           0.410      0.103      3.995      0.000      0.098


CONFIDENCE INTERVALS OF MODEL RESULTS

                  Lower .5%  Lower 2.5%    Lower 5%    Estimate    Upper 5%  Upper 2.5%   Upper .5%

 READ9GRP ON
    READ1            0.029       0.038       0.043       0.068       0.092       0.097       0.107
    LRNPROB1        -0.108      -0.089      -0.079      -0.029       0.020       0.030       0.049
    BEHSYMP1        -0.083      -0.068      -0.060      -0.019       0.022       0.030       0.045

 Thresholds
    READ9GRP$1      -0.706       0.324       0.851       3.602       6.352       6.879       7.909


CONFIDENCE INTERVALS FOR THE LOGISTIC REGRESSION ODDS RATIO RESULTS

 READ9GRP ON
    READ1            1.029       1.039       1.044       1.070       1.097       1.102       1.112
    LRNPROB1         0.898       0.915       0.924       0.971       1.021       1.030       1.050
    BEHSYMP1         0.920       0.934       0.942       0.981       1.022       1.030       1.046


CONFIDENCE INTERVALS OF STANDARDIZED MODEL RESULTS


STDYX Standardization

                  Lower .5%  Lower 2.5%    Lower 5%    Estimate    Upper 5%  Upper 2.5%   Upper .5%

 READ9GRP ON
    READ1            0.363       0.416       0.444       0.586       0.729       0.757       0.810
    LRNPROB1        -0.484      -0.400      -0.357      -0.134       0.090       0.132       0.216
    BEHSYMP1        -0.423      -0.345      -0.305      -0.097       0.111       0.151       0.229

 Thresholds
    READ9GRP$1      -0.165       0.238       0.444       1.520       2.597       2.803       3.206


TECHNICAL 1 OUTPUT


     PARAMETER SPECIFICATION


           TAU
              READ9GRP
              ________
                    4


           NU
              READ9GRP      READ1         BEHSYMP1      LRNPROB1
              ________      ________      ________      ________
                    0             0             0             0


           LAMBDA
              READ9GRP      READ1         BEHSYMP1      LRNPROB1
              ________      ________      ________      ________
 READ9GRP           0             0             0             0
 READ1              0             0             0             0
 BEHSYMP1           0             0             0             0
 LRNPROB1           0             0             0             0


           THETA
              READ9GRP      READ1         BEHSYMP1      LRNPROB1
              ________      ________      ________      ________
 READ9GRP           0
 READ1              0             0
 BEHSYMP1           0             0             0
 LRNPROB1           0             0             0             0


           ALPHA
              READ9GRP      READ1         BEHSYMP1      LRNPROB1
              ________      ________      ________      ________
                    0             0             0             0


           BETA
              READ9GRP      READ1         BEHSYMP1      LRNPROB1
              ________      ________      ________      ________
 READ9GRP           0             1             2             3
 READ1              0             0             0             0
 BEHSYMP1           0             0             0             0
 LRNPROB1           0             0             0             0


           PSI
              READ9GRP      READ1         BEHSYMP1      LRNPROB1
              ________      ________      ________      ________
 READ9GRP           0
 READ1              0             0
 BEHSYMP1           0             0             0
 LRNPROB1           0             0             0             0


     STARTING VALUES


           TAU
              READ9GRP
              ________
                0.145


           NU
              READ9GRP      READ1         BEHSYMP1      LRNPROB1
              ________      ________      ________      ________
                0.000         0.000         0.000         0.000


           LAMBDA
              READ9GRP      READ1         BEHSYMP1      LRNPROB1
              ________      ________      ________      ________
 READ9GRP       1.000         0.000         0.000         0.000
 READ1          0.000         1.000         0.000         0.000
 BEHSYMP1       0.000         0.000         1.000         0.000
 LRNPROB1       0.000         0.000         0.000         1.000


           THETA
              READ9GRP      READ1         BEHSYMP1      LRNPROB1
              ________      ________      ________      ________
 READ9GRP       0.000
 READ1          0.000         0.000
 BEHSYMP1       0.000         0.000         0.000
 LRNPROB1       0.000         0.000         0.000         0.000


           ALPHA
              READ9GRP      READ1         BEHSYMP1      LRNPROB1
              ________      ________      ________      ________
                0.000         0.000         0.000         0.000


           BETA
              READ9GRP      READ1         BEHSYMP1      LRNPROB1
              ________      ________      ________      ________
 READ9GRP       0.000         0.000         0.000         0.000
 READ1          0.000         0.000         0.000         0.000
 BEHSYMP1       0.000         0.000         0.000         0.000
 LRNPROB1       0.000         0.000         0.000         0.000


           PSI
              READ9GRP      READ1         BEHSYMP1      LRNPROB1
              ________      ________      ________      ________
 READ9GRP       1.000
 READ1          0.000       224.898
 BEHSYMP1       0.000         0.000        72.950
 LRNPROB1       0.000         0.000         0.000        58.843


     Beginning Time:  09:25:09
        Ending Time:  09:25:09
       Elapsed Time:  00:00:00



MUTHEN & MUTHEN
3463 Stoner Ave.
Los Angeles, CA  90066

Tel: (310) 391-9971
Fax: (310) 391-8971
Web: www.StatModel.com
Support: Support@StatModel.com

Copyright (c) 1998-2022 Muthen & Muthen
